[16Dec2024 00:00:24.777] [Server thread/WARN] [waterframes/]: Server seems overloading, jumping 2059ms or 41 ticks
[16Dec2024 00:00:41.682] [Server thread/WARN] [waterframes/]: Server seems overloading, jumping 2131ms or 42 ticks
[16Dec2024 00:00:44.096] [Server thread/INFO] [net.minecraft.server.MinecraftServer/]: [Not Secure] <<ADMINISTRADOR> EMILIO__12>> shulker
[16Dec2024 00:01:17.103] [Server thread/INFO] [net.minecraft.server.MinecraftServer/]: [Not Secure] <MisterCacho> purpur
[16Dec2024 00:01:20.091] [Server thread/INFO] [net.minecraft.server.MinecraftServer/]: Alextremito has made the advancement [The End?]
[16Dec2024 00:01:20.777] [Server thread/WARN] [waterframes/]: Server seems overloading, jumping 2045ms or 40 ticks
[16Dec2024 00:01:42.422] [Server thread/WARN] [waterframes/]: Server seems overloading, jumping 2201ms or 44 ticks
[16Dec2024 00:01:46.044] [Server thread/INFO] [net.minecraft.server.MinecraftServer/]: [Alextremito: Teleported Alextremito to <ADMINISTRADOR> EMILIO__12>]
[16Dec2024 00:01:48.195] [Server thread/INFO] [net.minecraft.server.MinecraftServer/]: [Not Secure] <MisterCacho> ia?
[16Dec2024 00:02:27.773] [Server thread/WARN] [waterframes/]: Server seems overloading, jumping 2221ms or 44 ticks
[16Dec2024 00:02:29.521] [Server thread/INFO] [net.minecraft.server.MinecraftServer/]: Alextremito has made the advancement [Remote Getaway]
[16Dec2024 00:02:36.594] [Server thread/INFO] [net.minecraft.server.MinecraftServer/]: Lordding has made the advancement [Remote Getaway]
[16Dec2024 00:02:44.420] [Server thread/WARN] [waterframes/]: Server seems overloading, jumping 2033ms or 40 ticks
[16Dec2024 00:02:54.454] [Server thread/INFO] [net.minecraft.server.MinecraftServer/]: [Not Secure] <<ADMINISTRADOR> EMILIO__12>> seee
[16Dec2024 00:03:40.972] [Server thread/WARN] [waterframes/]: Server seems overloading, jumping 2278ms or 45 ticks
[16Dec2024 00:03:48.132] [Server thread/INFO] [net.minecraft.server.MinecraftServer/]: [Not Secure] <MisterCacho> que soprende son gateways xd
[16Dec2024 00:03:57.539] [Server thread/WARN] [waterframes/]: Server seems overloading, jumping 2200ms or 44 ticks
[16Dec2024 00:04:24.449] [Server thread/INFO] [net.minecraft.server.MinecraftServer/]: <ADMINISTRADOR> EMILIO__12> has made the advancement [Remote Getaway]
[16Dec2024 00:04:35.556] [Server thread/INFO] [net.minecraft.server.MinecraftServer/]: [Not Secure] <MisterCacho> todo lixtocalñix?
[16Dec2024 00:04:44.011] [Server thread/INFO] [net.minecraft.server.MinecraftServer/]: [Not Secure] <MisterCacho> enmtendido
[16Dec2024 00:04:47.394] [Server thread/WARN] [waterframes/]: Server seems overloading, jumping 2421ms or 48 ticks
[16Dec2024 00:05:06.204] [Server thread/INFO] [net.minecraft.server.MinecraftServer/]: [Not Secure] <MisterCacho> efecto oscuridad
[16Dec2024 00:05:13.647] [Server thread/WARN] [waterframes/]: Server seems overloading, jumping 2121ms or 42 ticks
[16Dec2024 00:06:11.524] [Server thread/WARN] [waterframes/]: Server seems overloading, jumping 2032ms or 40 ticks
[16Dec2024 00:06:52.110] [Server thread/WARN] [waterframes/]: Server seems overloading, jumping 2144ms or 42 ticks
[16Dec2024 00:07:16.762] [Server thread/INFO] [net.minecraft.server.MinecraftServer/]: [Not Secure] <MisterCacho> si
[16Dec2024 00:07:22.839] [Server thread/WARN] [waterframes/]: Server seems overloading, jumping 2363ms or 47 ticks
[16Dec2024 00:08:07.533] [Server thread/WARN] [net.minecraft.server.network.ServerGamePacketListenerImpl/]: Alexterminium moved too quickly! 9.49329708969313,2.4506158572443866,-1.977183912391041
[16Dec2024 00:08:14.325] [Server thread/WARN] [waterframes/]: Server seems overloading, jumping 2097ms or 41 ticks
[16Dec2024 00:08:45.065] [Server thread/WARN] [waterframes/]: Server seems overloading, jumping 2334ms or 46 ticks
[16Dec2024 00:09:36.524] [Server thread/WARN] [waterframes/]: Server seems overloading, jumping 2063ms or 41 ticks
[16Dec2024 00:10:00.177] [Server thread/INFO] [net.minecraft.server.MinecraftServer/]: MisterCacho has made the advancement [Remote Getaway]
[16Dec2024 00:10:07.154] [Server thread/WARN] [waterframes/]: Server seems overloading, jumping 2277ms or 45 ticks
[16Dec2024 00:11:03.190] [Server thread/WARN] [waterframes/]: Server seems overloading, jumping 2218ms or 44 ticks
[16Dec2024 00:11:29.233] [Server thread/WARN] [waterframes/]: Server seems overloading, jumping 2145ms or 42 ticks
